INFO - 2025-06-15 12:44:05 --> Session: Class initialized using 'CodeIgniter\Session\Handlers\FileHandler' driver.
WARNING - 2025-06-15 12:44:05 --> [DEPRECATED] Creation of dynamic property CodeIgniter\View\View::$website is deprecated in APPPATH\Views\layout\wrapper.php on line 3.
 1 SYSTEMPATH\View\View.php(228): include('C:\\xampp\\htdocs\\webspp\\app\\Views\\layout\\wrapper.php')
 2 SYSTEMPATH\View\View.php(231): CodeIgniter\View\View->CodeIgniter\View\{closure}()
 3 SYSTEMPATH\Common.php(1178): CodeIgniter\View\View->render('layout/wrapper', [], true)
 4 APPPATH\Controllers\Signin.php(51): view('layout/wrapper', [...])
 5 SYSTEMPATH\CodeIgniter.php(941): App\Controllers\Signin->index()
 6 SYSTEMPATH\CodeIgniter.php(502): CodeIgniter\CodeIgniter->runController(Object(App\Controllers\Signin))
 7 SYSTEMPATH\CodeIgniter.php(361): CodeIgniter\CodeIgniter->handleRequest(null, Object(Config\Cache), false)
 8 FCPATH\index.php(36): CodeIgniter\CodeIgniter->run()
 9 ROOTPATH\index.php(7): require_once('C:\\xampp\\htdocs\\webspp\\public\\index.php')
WARNING - 2025-06-15 12:44:05 --> [DEPRECATED] Creation of dynamic property CodeIgniter\View\View::$session is deprecated in APPPATH\Views\layout\wrapper.php on line 4.
 1 SYSTEMPATH\View\View.php(228): include('C:\\xampp\\htdocs\\webspp\\app\\Views\\layout\\wrapper.php')
 2 SYSTEMPATH\View\View.php(231): CodeIgniter\View\View->CodeIgniter\View\{closure}()
 3 SYSTEMPATH\Common.php(1178): CodeIgniter\View\View->render('layout/wrapper', [], true)
 4 APPPATH\Controllers\Signin.php(51): view('layout/wrapper', [...])
 5 SYSTEMPATH\CodeIgniter.php(941): App\Controllers\Signin->index()
 6 SYSTEMPATH\CodeIgniter.php(502): CodeIgniter\CodeIgniter->runController(Object(App\Controllers\Signin))
 7 SYSTEMPATH\CodeIgniter.php(361): CodeIgniter\CodeIgniter->handleRequest(null, Object(Config\Cache), false)
 8 FCPATH\index.php(36): CodeIgniter\CodeIgniter->run()
 9 ROOTPATH\index.php(7): require_once('C:\\xampp\\htdocs\\webspp\\public\\index.php')
INFO - 2025-06-15 12:46:38 --> Session: Class initialized using 'CodeIgniter\Session\Handlers\FileHandler' driver.
WARNING - 2025-06-15 12:46:38 --> [DEPRECATED] Creation of dynamic property CodeIgniter\View\View::$website is deprecated in APPPATH\Views\layout\wrapper.php on line 3.
 1 SYSTEMPATH\View\View.php(228): include('C:\\xampp\\htdocs\\webspp\\app\\Views\\layout\\wrapper.php')
 2 SYSTEMPATH\View\View.php(231): CodeIgniter\View\View->CodeIgniter\View\{closure}()
 3 SYSTEMPATH\Common.php(1178): CodeIgniter\View\View->render('layout/wrapper', [], true)
 4 APPPATH\Controllers\Signin.php(51): view('layout/wrapper', [...])
 5 SYSTEMPATH\CodeIgniter.php(941): App\Controllers\Signin->index()
 6 SYSTEMPATH\CodeIgniter.php(502): CodeIgniter\CodeIgniter->runController(Object(App\Controllers\Signin))
 7 SYSTEMPATH\CodeIgniter.php(361): CodeIgniter\CodeIgniter->handleRequest(null, Object(Config\Cache), false)
 8 FCPATH\index.php(36): CodeIgniter\CodeIgniter->run()
 9 ROOTPATH\index.php(7): require_once('C:\\xampp\\htdocs\\webspp\\public\\index.php')
WARNING - 2025-06-15 12:46:38 --> [DEPRECATED] Creation of dynamic property CodeIgniter\View\View::$session is deprecated in APPPATH\Views\layout\wrapper.php on line 4.
 1 SYSTEMPATH\View\View.php(228): include('C:\\xampp\\htdocs\\webspp\\app\\Views\\layout\\wrapper.php')
 2 SYSTEMPATH\View\View.php(231): CodeIgniter\View\View->CodeIgniter\View\{closure}()
 3 SYSTEMPATH\Common.php(1178): CodeIgniter\View\View->render('layout/wrapper', [], true)
 4 APPPATH\Controllers\Signin.php(51): view('layout/wrapper', [...])
 5 SYSTEMPATH\CodeIgniter.php(941): App\Controllers\Signin->index()
 6 SYSTEMPATH\CodeIgniter.php(502): CodeIgniter\CodeIgniter->runController(Object(App\Controllers\Signin))
 7 SYSTEMPATH\CodeIgniter.php(361): CodeIgniter\CodeIgniter->handleRequest(null, Object(Config\Cache), false)
 8 FCPATH\index.php(36): CodeIgniter\CodeIgniter->run()
 9 ROOTPATH\index.php(7): require_once('C:\\xampp\\htdocs\\webspp\\public\\index.php')
INFO - 2025-06-15 12:47:59 --> Session: Class initialized using 'CodeIgniter\Session\Handlers\FileHandler' driver.
WARNING - 2025-06-15 12:47:59 --> [DEPRECATED] Creation of dynamic property CodeIgniter\View\View::$website is deprecated in APPPATH\Views\layout\wrapper.php on line 3.
 1 SYSTEMPATH\View\View.php(228): include('C:\\xampp\\htdocs\\webspp\\app\\Views\\layout\\wrapper.php')
 2 SYSTEMPATH\View\View.php(231): CodeIgniter\View\View->CodeIgniter\View\{closure}()
 3 SYSTEMPATH\Common.php(1178): CodeIgniter\View\View->render('layout/wrapper', [], true)
 4 APPPATH\Controllers\Signin.php(51): view('layout/wrapper', [...])
 5 SYSTEMPATH\CodeIgniter.php(941): App\Controllers\Signin->index()
 6 SYSTEMPATH\CodeIgniter.php(502): CodeIgniter\CodeIgniter->runController(Object(App\Controllers\Signin))
 7 SYSTEMPATH\CodeIgniter.php(361): CodeIgniter\CodeIgniter->handleRequest(null, Object(Config\Cache), false)
 8 FCPATH\index.php(36): CodeIgniter\CodeIgniter->run()
 9 ROOTPATH\index.php(7): require_once('C:\\xampp\\htdocs\\webspp\\public\\index.php')
WARNING - 2025-06-15 12:47:59 --> [DEPRECATED] Creation of dynamic property CodeIgniter\View\View::$session is deprecated in APPPATH\Views\layout\wrapper.php on line 4.
 1 SYSTEMPATH\View\View.php(228): include('C:\\xampp\\htdocs\\webspp\\app\\Views\\layout\\wrapper.php')
 2 SYSTEMPATH\View\View.php(231): CodeIgniter\View\View->CodeIgniter\View\{closure}()
 3 SYSTEMPATH\Common.php(1178): CodeIgniter\View\View->render('layout/wrapper', [], true)
 4 APPPATH\Controllers\Signin.php(51): view('layout/wrapper', [...])
 5 SYSTEMPATH\CodeIgniter.php(941): App\Controllers\Signin->index()
 6 SYSTEMPATH\CodeIgniter.php(502): CodeIgniter\CodeIgniter->runController(Object(App\Controllers\Signin))
 7 SYSTEMPATH\CodeIgniter.php(361): CodeIgniter\CodeIgniter->handleRequest(null, Object(Config\Cache), false)
 8 FCPATH\index.php(36): CodeIgniter\CodeIgniter->run()
 9 ROOTPATH\index.php(7): require_once('C:\\xampp\\htdocs\\webspp\\public\\index.php')
INFO - 2025-06-15 12:48:01 --> Session: Class initialized using 'CodeIgniter\Session\Handlers\FileHandler' driver.
WARNING - 2025-06-15 12:48:01 --> [DEPRECATED] Creation of dynamic property CodeIgniter\View\View::$website is deprecated in APPPATH\Views\login\wrapper.php on line 3.
 1 SYSTEMPATH\View\View.php(228): include('C:\\xampp\\htdocs\\webspp\\app\\Views\\login\\wrapper.php')
 2 SYSTEMPATH\View\View.php(231): CodeIgniter\View\View->CodeIgniter\View\{closure}()
 3 SYSTEMPATH\Common.php(1178): CodeIgniter\View\View->render('login/wrapper', [], true)
 4 APPPATH\Controllers\Login.php(34): view('login/wrapper', [...])
 5 SYSTEMPATH\CodeIgniter.php(941): App\Controllers\Login->index()
 6 SYSTEMPATH\CodeIgniter.php(502): CodeIgniter\CodeIgniter->runController(Object(App\Controllers\Login))
 7 SYSTEMPATH\CodeIgniter.php(361): CodeIgniter\CodeIgniter->handleRequest(null, Object(Config\Cache), false)
 8 FCPATH\index.php(36): CodeIgniter\CodeIgniter->run()
 9 ROOTPATH\index.php(7): require_once('C:\\xampp\\htdocs\\webspp\\public\\index.php')
INFO - 2025-06-15 12:48:11 --> Session: Class initialized using 'CodeIgniter\Session\Handlers\FileHandler' driver.
WARNING - 2025-06-15 12:48:11 --> [DEPRECATED] Creation of dynamic property CodeIgniter\View\View::$website is deprecated in APPPATH\Views\login\wrapper.php on line 3.
 1 SYSTEMPATH\View\View.php(228): include('C:\\xampp\\htdocs\\webspp\\app\\Views\\login\\wrapper.php')
 2 SYSTEMPATH\View\View.php(231): CodeIgniter\View\View->CodeIgniter\View\{closure}()
 3 SYSTEMPATH\Common.php(1178): CodeIgniter\View\View->render('login/wrapper', [], true)
 4 APPPATH\Controllers\Login.php(34): view('login/wrapper', [...])
 5 SYSTEMPATH\CodeIgniter.php(941): App\Controllers\Login->index()
 6 SYSTEMPATH\CodeIgniter.php(502): CodeIgniter\CodeIgniter->runController(Object(App\Controllers\Login))
 7 SYSTEMPATH\CodeIgniter.php(361): CodeIgniter\CodeIgniter->handleRequest(null, Object(Config\Cache), false)
 8 FCPATH\index.php(36): CodeIgniter\CodeIgniter->run()
 9 ROOTPATH\index.php(7): require_once('C:\\xampp\\htdocs\\webspp\\public\\index.php')
INFO - 2025-06-15 12:48:14 --> Session: Class initialized using 'CodeIgniter\Session\Handlers\FileHandler' driver.
WARNING - 2025-06-15 12:48:15 --> [DEPRECATED] Creation of dynamic property CodeIgniter\View\View::$website is deprecated in APPPATH\Views\login\wrapper.php on line 3.
 1 SYSTEMPATH\View\View.php(228): include('C:\\xampp\\htdocs\\webspp\\app\\Views\\login\\wrapper.php')
 2 SYSTEMPATH\View\View.php(231): CodeIgniter\View\View->CodeIgniter\View\{closure}()
 3 SYSTEMPATH\Common.php(1178): CodeIgniter\View\View->render('login/wrapper', [], true)
 4 APPPATH\Controllers\Login.php(34): view('login/wrapper', [...])
 5 SYSTEMPATH\CodeIgniter.php(941): App\Controllers\Login->index()
 6 SYSTEMPATH\CodeIgniter.php(502): CodeIgniter\CodeIgniter->runController(Object(App\Controllers\Login))
 7 SYSTEMPATH\CodeIgniter.php(361): CodeIgniter\CodeIgniter->handleRequest(null, Object(Config\Cache), false)
 8 FCPATH\index.php(36): CodeIgniter\CodeIgniter->run()
 9 ROOTPATH\index.php(7): require_once('C:\\xampp\\htdocs\\webspp\\public\\index.php')
INFO - 2025-06-15 12:48:48 --> Session: Class initialized using 'CodeIgniter\Session\Handlers\FileHandler' driver.
WARNING - 2025-06-15 12:48:48 --> [DEPRECATED] Creation of dynamic property CodeIgniter\View\View::$website is deprecated in APPPATH\Views\layout\wrapper.php on line 3.
 1 SYSTEMPATH\View\View.php(228): include('C:\\xampp\\htdocs\\webspp\\app\\Views\\layout\\wrapper.php')
 2 SYSTEMPATH\View\View.php(231): CodeIgniter\View\View->CodeIgniter\View\{closure}()
 3 SYSTEMPATH\Common.php(1178): CodeIgniter\View\View->render('layout/wrapper', [], true)
 4 APPPATH\Controllers\Signin.php(51): view('layout/wrapper', [...])
 5 SYSTEMPATH\CodeIgniter.php(941): App\Controllers\Signin->index()
 6 SYSTEMPATH\CodeIgniter.php(502): CodeIgniter\CodeIgniter->runController(Object(App\Controllers\Signin))
 7 SYSTEMPATH\CodeIgniter.php(361): CodeIgniter\CodeIgniter->handleRequest(null, Object(Config\Cache), false)
 8 FCPATH\index.php(36): CodeIgniter\CodeIgniter->run()
 9 ROOTPATH\index.php(7): require_once('C:\\xampp\\htdocs\\webspp\\public\\index.php')
WARNING - 2025-06-15 12:48:48 --> [DEPRECATED] Creation of dynamic property CodeIgniter\View\View::$session is deprecated in APPPATH\Views\layout\wrapper.php on line 4.
 1 SYSTEMPATH\View\View.php(228): include('C:\\xampp\\htdocs\\webspp\\app\\Views\\layout\\wrapper.php')
 2 SYSTEMPATH\View\View.php(231): CodeIgniter\View\View->CodeIgniter\View\{closure}()
 3 SYSTEMPATH\Common.php(1178): CodeIgniter\View\View->render('layout/wrapper', [], true)
 4 APPPATH\Controllers\Signin.php(51): view('layout/wrapper', [...])
 5 SYSTEMPATH\CodeIgniter.php(941): App\Controllers\Signin->index()
 6 SYSTEMPATH\CodeIgniter.php(502): CodeIgniter\CodeIgniter->runController(Object(App\Controllers\Signin))
 7 SYSTEMPATH\CodeIgniter.php(361): CodeIgniter\CodeIgniter->handleRequest(null, Object(Config\Cache), false)
 8 FCPATH\index.php(36): CodeIgniter\CodeIgniter->run()
 9 ROOTPATH\index.php(7): require_once('C:\\xampp\\htdocs\\webspp\\public\\index.php')
INFO - 2025-06-15 12:48:49 --> Session: Class initialized using 'CodeIgniter\Session\Handlers\FileHandler' driver.
WARNING - 2025-06-15 12:48:49 --> [DEPRECATED] Creation of dynamic property CodeIgniter\View\View::$website is deprecated in APPPATH\Views\layout\wrapper.php on line 3.
 1 SYSTEMPATH\View\View.php(228): include('C:\\xampp\\htdocs\\webspp\\app\\Views\\layout\\wrapper.php')
 2 SYSTEMPATH\View\View.php(231): CodeIgniter\View\View->CodeIgniter\View\{closure}()
 3 SYSTEMPATH\Common.php(1178): CodeIgniter\View\View->render('layout/wrapper', [], true)
 4 APPPATH\Controllers\Signin.php(51): view('layout/wrapper', [...])
 5 SYSTEMPATH\CodeIgniter.php(941): App\Controllers\Signin->index()
 6 SYSTEMPATH\CodeIgniter.php(502): CodeIgniter\CodeIgniter->runController(Object(App\Controllers\Signin))
 7 SYSTEMPATH\CodeIgniter.php(361): CodeIgniter\CodeIgniter->handleRequest(null, Object(Config\Cache), false)
 8 FCPATH\index.php(36): CodeIgniter\CodeIgniter->run()
 9 ROOTPATH\index.php(7): require_once('C:\\xampp\\htdocs\\webspp\\public\\index.php')
WARNING - 2025-06-15 12:48:49 --> [DEPRECATED] Creation of dynamic property CodeIgniter\View\View::$session is deprecated in APPPATH\Views\layout\wrapper.php on line 4.
 1 SYSTEMPATH\View\View.php(228): include('C:\\xampp\\htdocs\\webspp\\app\\Views\\layout\\wrapper.php')
 2 SYSTEMPATH\View\View.php(231): CodeIgniter\View\View->CodeIgniter\View\{closure}()
 3 SYSTEMPATH\Common.php(1178): CodeIgniter\View\View->render('layout/wrapper', [], true)
 4 APPPATH\Controllers\Signin.php(51): view('layout/wrapper', [...])
 5 SYSTEMPATH\CodeIgniter.php(941): App\Controllers\Signin->index()
 6 SYSTEMPATH\CodeIgniter.php(502): CodeIgniter\CodeIgniter->runController(Object(App\Controllers\Signin))
 7 SYSTEMPATH\CodeIgniter.php(361): CodeIgniter\CodeIgniter->handleRequest(null, Object(Config\Cache), false)
 8 FCPATH\index.php(36): CodeIgniter\CodeIgniter->run()
 9 ROOTPATH\index.php(7): require_once('C:\\xampp\\htdocs\\webspp\\public\\index.php')
INFO - 2025-06-15 12:48:51 --> Session: Class initialized using 'CodeIgniter\Session\Handlers\FileHandler' driver.
WARNING - 2025-06-15 12:48:51 --> [DEPRECATED] Creation of dynamic property CodeIgniter\View\View::$website is deprecated in APPPATH\Views\login\wrapper.php on line 3.
 1 SYSTEMPATH\View\View.php(228): include('C:\\xampp\\htdocs\\webspp\\app\\Views\\login\\wrapper.php')
 2 SYSTEMPATH\View\View.php(231): CodeIgniter\View\View->CodeIgniter\View\{closure}()
 3 SYSTEMPATH\Common.php(1178): CodeIgniter\View\View->render('login/wrapper', [], true)
 4 APPPATH\Controllers\Login.php(34): view('login/wrapper', [...])
 5 SYSTEMPATH\CodeIgniter.php(941): App\Controllers\Login->index()
 6 SYSTEMPATH\CodeIgniter.php(502): CodeIgniter\CodeIgniter->runController(Object(App\Controllers\Login))
 7 SYSTEMPATH\CodeIgniter.php(361): CodeIgniter\CodeIgniter->handleRequest(null, Object(Config\Cache), false)
 8 FCPATH\index.php(36): CodeIgniter\CodeIgniter->run()
 9 ROOTPATH\index.php(7): require_once('C:\\xampp\\htdocs\\webspp\\public\\index.php')
INFO - 2025-06-15 12:49:34 --> Session: Class initialized using 'CodeIgniter\Session\Handlers\FileHandler' driver.
WARNING - 2025-06-15 12:49:34 --> [DEPRECATED] Creation of dynamic property CodeIgniter\View\View::$website is deprecated in APPPATH\Views\login\wrapper.php on line 3.
 1 SYSTEMPATH\View\View.php(228): include('C:\\xampp\\htdocs\\webspp\\app\\Views\\login\\wrapper.php')
 2 SYSTEMPATH\View\View.php(231): CodeIgniter\View\View->CodeIgniter\View\{closure}()
 3 SYSTEMPATH\Common.php(1178): CodeIgniter\View\View->render('login/wrapper', [], true)
 4 APPPATH\Controllers\Login.php(126): view('login/wrapper', [...])
 5 SYSTEMPATH\CodeIgniter.php(941): App\Controllers\Login->lupa()
 6 SYSTEMPATH\CodeIgniter.php(502): CodeIgniter\CodeIgniter->runController(Object(App\Controllers\Login))
 7 SYSTEMPATH\CodeIgniter.php(361): CodeIgniter\CodeIgniter->handleRequest(null, Object(Config\Cache), false)
 8 FCPATH\index.php(36): CodeIgniter\CodeIgniter->run()
 9 ROOTPATH\index.php(7): require_once('C:\\xampp\\htdocs\\webspp\\public\\index.php')
INFO - 2025-06-15 12:50:11 --> Session: Class initialized using 'CodeIgniter\Session\Handlers\FileHandler' driver.
WARNING - 2025-06-15 12:50:11 --> [DEPRECATED] Creation of dynamic property CodeIgniter\View\View::$website is deprecated in APPPATH\Views\login\wrapper.php on line 3.
 1 SYSTEMPATH\View\View.php(228): include('C:\\xampp\\htdocs\\webspp\\app\\Views\\login\\wrapper.php')
 2 SYSTEMPATH\View\View.php(231): CodeIgniter\View\View->CodeIgniter\View\{closure}()
 3 SYSTEMPATH\Common.php(1178): CodeIgniter\View\View->render('login/wrapper', [], true)
 4 APPPATH\Controllers\Login.php(126): view('login/wrapper', [...])
 5 SYSTEMPATH\CodeIgniter.php(941): App\Controllers\Login->lupa()
 6 SYSTEMPATH\CodeIgniter.php(502): CodeIgniter\CodeIgniter->runController(Object(App\Controllers\Login))
 7 SYSTEMPATH\CodeIgniter.php(361): CodeIgniter\CodeIgniter->handleRequest(null, Object(Config\Cache), false)
 8 FCPATH\index.php(36): CodeIgniter\CodeIgniter->run()
 9 ROOTPATH\index.php(7): require_once('C:\\xampp\\htdocs\\webspp\\public\\index.php')
INFO - 2025-06-15 12:50:13 --> Session: Class initialized using 'CodeIgniter\Session\Handlers\FileHandler' driver.
WARNING - 2025-06-15 12:50:13 --> [DEPRECATED] Creation of dynamic property CodeIgniter\View\View::$website is deprecated in APPPATH\Views\login\wrapper.php on line 3.
 1 SYSTEMPATH\View\View.php(228): include('C:\\xampp\\htdocs\\webspp\\app\\Views\\login\\wrapper.php')
 2 SYSTEMPATH\View\View.php(231): CodeIgniter\View\View->CodeIgniter\View\{closure}()
 3 SYSTEMPATH\Common.php(1178): CodeIgniter\View\View->render('login/wrapper', [], true)
 4 APPPATH\Controllers\Login.php(34): view('login/wrapper', [...])
 5 SYSTEMPATH\CodeIgniter.php(941): App\Controllers\Login->index()
 6 SYSTEMPATH\CodeIgniter.php(502): CodeIgniter\CodeIgniter->runController(Object(App\Controllers\Login))
 7 SYSTEMPATH\CodeIgniter.php(361): CodeIgniter\CodeIgniter->handleRequest(null, Object(Config\Cache), false)
 8 FCPATH\index.php(36): CodeIgniter\CodeIgniter->run()
 9 ROOTPATH\index.php(7): require_once('C:\\xampp\\htdocs\\webspp\\public\\index.php')
INFO - 2025-06-15 12:50:45 --> Session: Class initialized using 'CodeIgniter\Session\Handlers\FileHandler' driver.
WARNING - 2025-06-15 12:50:46 --> [DEPRECATED] Creation of dynamic property CodeIgniter\View\View::$website is deprecated in APPPATH\Views\login\wrapper.php on line 3.
 1 SYSTEMPATH\View\View.php(228): include('C:\\xampp\\htdocs\\webspp\\app\\Views\\login\\wrapper.php')
 2 SYSTEMPATH\View\View.php(231): CodeIgniter\View\View->CodeIgniter\View\{closure}()
 3 SYSTEMPATH\Common.php(1178): CodeIgniter\View\View->render('login/wrapper', [], true)
 4 APPPATH\Controllers\Login.php(34): view('login/wrapper', [...])
 5 SYSTEMPATH\CodeIgniter.php(941): App\Controllers\Login->index()
 6 SYSTEMPATH\CodeIgniter.php(502): CodeIgniter\CodeIgniter->runController(Object(App\Controllers\Login))
 7 SYSTEMPATH\CodeIgniter.php(361): CodeIgniter\CodeIgniter->handleRequest(null, Object(Config\Cache), false)
 8 FCPATH\index.php(36): CodeIgniter\CodeIgniter->run()
 9 ROOTPATH\index.php(7): require_once('C:\\xampp\\htdocs\\webspp\\public\\index.php')
INFO - 2025-06-15 12:50:51 --> Session: Class initialized using 'CodeIgniter\Session\Handlers\FileHandler' driver.
WARNING - 2025-06-15 12:50:51 --> [DEPRECATED] Creation of dynamic property CodeIgniter\View\View::$website is deprecated in APPPATH\Views\login\wrapper.php on line 3.
 1 SYSTEMPATH\View\View.php(228): include('C:\\xampp\\htdocs\\webspp\\app\\Views\\login\\wrapper.php')
 2 SYSTEMPATH\View\View.php(231): CodeIgniter\View\View->CodeIgniter\View\{closure}()
 3 SYSTEMPATH\Common.php(1178): CodeIgniter\View\View->render('login/wrapper', [], true)
 4 APPPATH\Controllers\Login.php(126): view('login/wrapper', [...])
 5 SYSTEMPATH\CodeIgniter.php(941): App\Controllers\Login->lupa()
 6 SYSTEMPATH\CodeIgniter.php(502): CodeIgniter\CodeIgniter->runController(Object(App\Controllers\Login))
 7 SYSTEMPATH\CodeIgniter.php(361): CodeIgniter\CodeIgniter->handleRequest(null, Object(Config\Cache), false)
 8 FCPATH\index.php(36): CodeIgniter\CodeIgniter->run()
 9 ROOTPATH\index.php(7): require_once('C:\\xampp\\htdocs\\webspp\\public\\index.php')
INFO - 2025-06-15 12:50:53 --> Session: Class initialized using 'CodeIgniter\Session\Handlers\FileHandler' driver.
WARNING - 2025-06-15 12:50:53 --> [DEPRECATED] Creation of dynamic property CodeIgniter\View\View::$website is deprecated in APPPATH\Views\login\wrapper.php on line 3.
 1 SYSTEMPATH\View\View.php(228): include('C:\\xampp\\htdocs\\webspp\\app\\Views\\login\\wrapper.php')
 2 SYSTEMPATH\View\View.php(231): CodeIgniter\View\View->CodeIgniter\View\{closure}()
 3 SYSTEMPATH\Common.php(1178): CodeIgniter\View\View->render('login/wrapper', [], true)
 4 APPPATH\Controllers\Login.php(34): view('login/wrapper', [...])
 5 SYSTEMPATH\CodeIgniter.php(941): App\Controllers\Login->index()
 6 SYSTEMPATH\CodeIgniter.php(502): CodeIgniter\CodeIgniter->runController(Object(App\Controllers\Login))
 7 SYSTEMPATH\CodeIgniter.php(361): CodeIgniter\CodeIgniter->handleRequest(null, Object(Config\Cache), false)
 8 FCPATH\index.php(36): CodeIgniter\CodeIgniter->run()
 9 ROOTPATH\index.php(7): require_once('C:\\xampp\\htdocs\\webspp\\public\\index.php')
INFO - 2025-06-15 12:51:13 --> Session: Class initialized using 'CodeIgniter\Session\Handlers\FileHandler' driver.
WARNING - 2025-06-15 12:51:13 --> [DEPRECATED] Creation of dynamic property CodeIgniter\View\View::$website is deprecated in APPPATH\Views\login\wrapper.php on line 3.
 1 SYSTEMPATH\View\View.php(228): include('C:\\xampp\\htdocs\\webspp\\app\\Views\\login\\wrapper.php')
 2 SYSTEMPATH\View\View.php(231): CodeIgniter\View\View->CodeIgniter\View\{closure}()
 3 SYSTEMPATH\Common.php(1178): CodeIgniter\View\View->render('login/wrapper', [], true)
 4 APPPATH\Controllers\Login.php(34): view('login/wrapper', [...])
 5 SYSTEMPATH\CodeIgniter.php(941): App\Controllers\Login->index()
 6 SYSTEMPATH\CodeIgniter.php(502): CodeIgniter\CodeIgniter->runController(Object(App\Controllers\Login))
 7 SYSTEMPATH\CodeIgniter.php(361): CodeIgniter\CodeIgniter->handleRequest(null, Object(Config\Cache), false)
 8 FCPATH\index.php(36): CodeIgniter\CodeIgniter->run()
 9 ROOTPATH\index.php(7): require_once('C:\\xampp\\htdocs\\webspp\\public\\index.php')
INFO - 2025-06-15 12:51:18 --> Session: Class initialized using 'CodeIgniter\Session\Handlers\FileHandler' driver.
WARNING - 2025-06-15 12:51:18 --> [DEPRECATED] Creation of dynamic property CodeIgniter\View\View::$website is deprecated in APPPATH\Views\login\wrapper.php on line 3.
 1 SYSTEMPATH\View\View.php(228): include('C:\\xampp\\htdocs\\webspp\\app\\Views\\login\\wrapper.php')
 2 SYSTEMPATH\View\View.php(231): CodeIgniter\View\View->CodeIgniter\View\{closure}()
 3 SYSTEMPATH\Common.php(1178): CodeIgniter\View\View->render('login/wrapper', [], true)
 4 APPPATH\Controllers\Login.php(34): view('login/wrapper', [...])
 5 SYSTEMPATH\CodeIgniter.php(941): App\Controllers\Login->index()
 6 SYSTEMPATH\CodeIgniter.php(502): CodeIgniter\CodeIgniter->runController(Object(App\Controllers\Login))
 7 SYSTEMPATH\CodeIgniter.php(361): CodeIgniter\CodeIgniter->handleRequest(null, Object(Config\Cache), false)
 8 FCPATH\index.php(36): CodeIgniter\CodeIgniter->run()
 9 ROOTPATH\index.php(7): require_once('C:\\xampp\\htdocs\\webspp\\public\\index.php')
INFO - 2025-06-15 12:51:41 --> Session: Class initialized using 'CodeIgniter\Session\Handlers\FileHandler' driver.
WARNING - 2025-06-15 12:51:41 --> [DEPRECATED] Creation of dynamic property CodeIgniter\View\View::$website is deprecated in APPPATH\Views\login\wrapper.php on line 3.
 1 SYSTEMPATH\View\View.php(228): include('C:\\xampp\\htdocs\\webspp\\app\\Views\\login\\wrapper.php')
 2 SYSTEMPATH\View\View.php(231): CodeIgniter\View\View->CodeIgniter\View\{closure}()
 3 SYSTEMPATH\Common.php(1178): CodeIgniter\View\View->render('login/wrapper', [], true)
 4 APPPATH\Controllers\Login.php(34): view('login/wrapper', [...])
 5 SYSTEMPATH\CodeIgniter.php(941): App\Controllers\Login->index()
 6 SYSTEMPATH\CodeIgniter.php(502): CodeIgniter\CodeIgniter->runController(Object(App\Controllers\Login))
 7 SYSTEMPATH\CodeIgniter.php(361): CodeIgniter\CodeIgniter->handleRequest(null, Object(Config\Cache), false)
 8 FCPATH\index.php(36): CodeIgniter\CodeIgniter->run()
 9 ROOTPATH\index.php(7): require_once('C:\\xampp\\htdocs\\webspp\\public\\index.php')
INFO - 2025-06-15 12:52:08 --> Session: Class initialized using 'CodeIgniter\Session\Handlers\FileHandler' driver.
WARNING - 2025-06-15 12:52:08 --> [DEPRECATED] Creation of dynamic property CodeIgniter\View\View::$website is deprecated in APPPATH\Views\login\wrapper.php on line 3.
 1 SYSTEMPATH\View\View.php(228): include('C:\\xampp\\htdocs\\webspp\\app\\Views\\login\\wrapper.php')
 2 SYSTEMPATH\View\View.php(231): CodeIgniter\View\View->CodeIgniter\View\{closure}()
 3 SYSTEMPATH\Common.php(1178): CodeIgniter\View\View->render('login/wrapper', [], true)
 4 APPPATH\Controllers\Login.php(34): view('login/wrapper', [...])
 5 SYSTEMPATH\CodeIgniter.php(941): App\Controllers\Login->index()
 6 SYSTEMPATH\CodeIgniter.php(502): CodeIgniter\CodeIgniter->runController(Object(App\Controllers\Login))
 7 SYSTEMPATH\CodeIgniter.php(361): CodeIgniter\CodeIgniter->handleRequest(null, Object(Config\Cache), false)
 8 FCPATH\index.php(36): CodeIgniter\CodeIgniter->run()
 9 ROOTPATH\index.php(7): require_once('C:\\xampp\\htdocs\\webspp\\public\\index.php')
INFO - 2025-06-15 12:52:09 --> Session: Class initialized using 'CodeIgniter\Session\Handlers\FileHandler' driver.
WARNING - 2025-06-15 12:52:09 --> [DEPRECATED] Creation of dynamic property CodeIgniter\View\View::$website is deprecated in APPPATH\Views\layout\wrapper.php on line 3.
 1 SYSTEMPATH\View\View.php(228): include('C:\\xampp\\htdocs\\webspp\\app\\Views\\layout\\wrapper.php')
 2 SYSTEMPATH\View\View.php(231): CodeIgniter\View\View->CodeIgniter\View\{closure}()
 3 SYSTEMPATH\Common.php(1178): CodeIgniter\View\View->render('layout/wrapper', [], true)
 4 APPPATH\Controllers\Signin.php(51): view('layout/wrapper', [...])
 5 SYSTEMPATH\CodeIgniter.php(941): App\Controllers\Signin->index()
 6 SYSTEMPATH\CodeIgniter.php(502): CodeIgniter\CodeIgniter->runController(Object(App\Controllers\Signin))
 7 SYSTEMPATH\CodeIgniter.php(361): CodeIgniter\CodeIgniter->handleRequest(null, Object(Config\Cache), false)
 8 FCPATH\index.php(36): CodeIgniter\CodeIgniter->run()
 9 ROOTPATH\index.php(7): require_once('C:\\xampp\\htdocs\\webspp\\public\\index.php')
WARNING - 2025-06-15 12:52:09 --> [DEPRECATED] Creation of dynamic property CodeIgniter\View\View::$session is deprecated in APPPATH\Views\layout\wrapper.php on line 4.
 1 SYSTEMPATH\View\View.php(228): include('C:\\xampp\\htdocs\\webspp\\app\\Views\\layout\\wrapper.php')
 2 SYSTEMPATH\View\View.php(231): CodeIgniter\View\View->CodeIgniter\View\{closure}()
 3 SYSTEMPATH\Common.php(1178): CodeIgniter\View\View->render('layout/wrapper', [], true)
 4 APPPATH\Controllers\Signin.php(51): view('layout/wrapper', [...])
 5 SYSTEMPATH\CodeIgniter.php(941): App\Controllers\Signin->index()
 6 SYSTEMPATH\CodeIgniter.php(502): CodeIgniter\CodeIgniter->runController(Object(App\Controllers\Signin))
 7 SYSTEMPATH\CodeIgniter.php(361): CodeIgniter\CodeIgniter->handleRequest(null, Object(Config\Cache), false)
 8 FCPATH\index.php(36): CodeIgniter\CodeIgniter->run()
 9 ROOTPATH\index.php(7): require_once('C:\\xampp\\htdocs\\webspp\\public\\index.php')
INFO - 2025-06-15 12:53:14 --> Session: Class initialized using 'CodeIgniter\Session\Handlers\FileHandler' driver.
WARNING - 2025-06-15 12:53:14 --> [DEPRECATED] Creation of dynamic property CodeIgniter\View\View::$website is deprecated in APPPATH\Views\login\wrapper.php on line 3.
 1 SYSTEMPATH\View\View.php(228): include('C:\\xampp\\htdocs\\webspp\\app\\Views\\login\\wrapper.php')
 2 SYSTEMPATH\View\View.php(231): CodeIgniter\View\View->CodeIgniter\View\{closure}()
 3 SYSTEMPATH\Common.php(1178): CodeIgniter\View\View->render('login/wrapper', [], true)
 4 APPPATH\Controllers\Login.php(34): view('login/wrapper', [...])
 5 SYSTEMPATH\CodeIgniter.php(941): App\Controllers\Login->index()
 6 SYSTEMPATH\CodeIgniter.php(502): CodeIgniter\CodeIgniter->runController(Object(App\Controllers\Login))
 7 SYSTEMPATH\CodeIgniter.php(361): CodeIgniter\CodeIgniter->handleRequest(null, Object(Config\Cache), false)
 8 FCPATH\index.php(36): CodeIgniter\CodeIgniter->run()
 9 ROOTPATH\index.php(7): require_once('C:\\xampp\\htdocs\\webspp\\public\\index.php')
INFO - 2025-06-15 12:53:19 --> Session: Class initialized using 'CodeIgniter\Session\Handlers\FileHandler' driver.
WARNING - 2025-06-15 12:53:19 --> [DEPRECATED] Creation of dynamic property CodeIgniter\View\View::$website is deprecated in APPPATH\Views\layout\wrapper.php on line 3.
 1 SYSTEMPATH\View\View.php(228): include('C:\\xampp\\htdocs\\webspp\\app\\Views\\layout\\wrapper.php')
 2 SYSTEMPATH\View\View.php(231): CodeIgniter\View\View->CodeIgniter\View\{closure}()
 3 SYSTEMPATH\Common.php(1178): CodeIgniter\View\View->render('layout/wrapper', [], true)
 4 APPPATH\Controllers\Signin.php(51): view('layout/wrapper', [...])
 5 SYSTEMPATH\CodeIgniter.php(941): App\Controllers\Signin->index()
 6 SYSTEMPATH\CodeIgniter.php(502): CodeIgniter\CodeIgniter->runController(Object(App\Controllers\Signin))
 7 SYSTEMPATH\CodeIgniter.php(361): CodeIgniter\CodeIgniter->handleRequest(null, Object(Config\Cache), false)
 8 FCPATH\index.php(36): CodeIgniter\CodeIgniter->run()
 9 ROOTPATH\index.php(7): require_once('C:\\xampp\\htdocs\\webspp\\public\\index.php')
WARNING - 2025-06-15 12:53:19 --> [DEPRECATED] Creation of dynamic property CodeIgniter\View\View::$session is deprecated in APPPATH\Views\layout\wrapper.php on line 4.
 1 SYSTEMPATH\View\View.php(228): include('C:\\xampp\\htdocs\\webspp\\app\\Views\\layout\\wrapper.php')
 2 SYSTEMPATH\View\View.php(231): CodeIgniter\View\View->CodeIgniter\View\{closure}()
 3 SYSTEMPATH\Common.php(1178): CodeIgniter\View\View->render('layout/wrapper', [], true)
 4 APPPATH\Controllers\Signin.php(51): view('layout/wrapper', [...])
 5 SYSTEMPATH\CodeIgniter.php(941): App\Controllers\Signin->index()
 6 SYSTEMPATH\CodeIgniter.php(502): CodeIgniter\CodeIgniter->runController(Object(App\Controllers\Signin))
 7 SYSTEMPATH\CodeIgniter.php(361): CodeIgniter\CodeIgniter->handleRequest(null, Object(Config\Cache), false)
 8 FCPATH\index.php(36): CodeIgniter\CodeIgniter->run()
 9 ROOTPATH\index.php(7): require_once('C:\\xampp\\htdocs\\webspp\\public\\index.php')
INFO - 2025-06-15 12:53:28 --> Session: Class initialized using 'CodeIgniter\Session\Handlers\FileHandler' driver.
WARNING - 2025-06-15 12:53:28 --> [DEPRECATED] Creation of dynamic property CodeIgniter\View\View::$website is deprecated in APPPATH\Views\login\wrapper.php on line 3.
 1 SYSTEMPATH\View\View.php(228): include('C:\\xampp\\htdocs\\webspp\\app\\Views\\login\\wrapper.php')
 2 SYSTEMPATH\View\View.php(231): CodeIgniter\View\View->CodeIgniter\View\{closure}()
 3 SYSTEMPATH\Common.php(1178): CodeIgniter\View\View->render('login/wrapper', [], true)
 4 APPPATH\Controllers\Login.php(34): view('login/wrapper', [...])
 5 SYSTEMPATH\CodeIgniter.php(941): App\Controllers\Login->index()
 6 SYSTEMPATH\CodeIgniter.php(502): CodeIgniter\CodeIgniter->runController(Object(App\Controllers\Login))
 7 SYSTEMPATH\CodeIgniter.php(361): CodeIgniter\CodeIgniter->handleRequest(null, Object(Config\Cache), false)
 8 FCPATH\index.php(36): CodeIgniter\CodeIgniter->run()
 9 ROOTPATH\index.php(7): require_once('C:\\xampp\\htdocs\\webspp\\public\\index.php')
INFO - 2025-06-15 12:53:31 --> Session: Class initialized using 'CodeIgniter\Session\Handlers\FileHandler' driver.
WARNING - 2025-06-15 12:53:31 --> [DEPRECATED] Creation of dynamic property CodeIgniter\View\View::$website is deprecated in APPPATH\Views\login\wrapper.php on line 3.
 1 SYSTEMPATH\View\View.php(228): include('C:\\xampp\\htdocs\\webspp\\app\\Views\\login\\wrapper.php')
 2 SYSTEMPATH\View\View.php(231): CodeIgniter\View\View->CodeIgniter\View\{closure}()
 3 SYSTEMPATH\Common.php(1178): CodeIgniter\View\View->render('login/wrapper', [], true)
 4 APPPATH\Controllers\Login.php(126): view('login/wrapper', [...])
 5 SYSTEMPATH\CodeIgniter.php(941): App\Controllers\Login->lupa()
 6 SYSTEMPATH\CodeIgniter.php(502): CodeIgniter\CodeIgniter->runController(Object(App\Controllers\Login))
 7 SYSTEMPATH\CodeIgniter.php(361): CodeIgniter\CodeIgniter->handleRequest(null, Object(Config\Cache), false)
 8 FCPATH\index.php(36): CodeIgniter\CodeIgniter->run()
 9 ROOTPATH\index.php(7): require_once('C:\\xampp\\htdocs\\webspp\\public\\index.php')
